[14:57:52.105][info] [#0:/Users/alpha/.local/share/nvim/mason/packages/lua-language-server/libexec/main.lua:66]: Lua Lsp startup, root: 	/Users/alpha/.local/share/nvim/mason/packages/lua-language-server/libexec
[14:57:52.107][info] [#0:/Users/alpha/.local/share/nvim/mason/packages/lua-language-server/libexec/main.lua:67]: ROOT:	/Users/alpha/.local/share/nvim/mason/packages/lua-language-server/libexec
[14:57:52.107][info] [#0:/Users/alpha/.local/share/nvim/mason/packages/lua-language-server/libexec/main.lua:68]: LOGPATH:	/Users/alpha/.local/share/nvim/mason/packages/lua-language-server/libexec/log
[14:57:52.107][info] [#0:/Users/alpha/.local/share/nvim/mason/packages/lua-language-server/libexec/main.lua:69]: METAPATH:	/Users/alpha/.local/share/nvim/mason/packages/lua-language-server/libexec/meta
[14:57:52.108][info] [#0:/Users/alpha/.local/share/nvim/mason/packages/lua-language-server/libexec/main.lua:70]: VERSION:	3.7.4
[14:57:52.143][info] [#0:script/service/service.lua:144]: 
========= Medical Examination Report =========
    --------------- Memory ---------------
        Total: 1.345 MB
        # 00 : 1.345 MB
        # 01 : 0.000 MB
        # 02 : 0.000 MB
        # 03 : 0.000 MB
        # 04 : 0.000 MB
    --------------- Coroutine ---------------
        Total:     0
        Running:   0
        Suspended: 0
        Normal:    0
        Dead:      0
    --------------- Cache ---------------
        Total: 1
        Dead:  0
    ---------------  RPC  ---------------
        Holdon:   0
        Waiting:  0
==============================================
[14:57:52.150][info] [#0:script/client.lua:657]: Client init	{
  capabilities = {
    textDocument = {
      callHierarchy = {
        dynamicRegistration = false
      },
      codeAction = {
        codeActionLiteralSupport = {
          codeActionKind = {
            valueSet = { "", "quickfix", "refactor", "refactor.extract", "refactor.inline", "refactor.rewrite", "source", "source.organizeImports" }
          }
        },
        dataSupport = true,
        dynamicRegistration = false,
        isPreferredSupport = true,
        resolveSupport = {
          properties = { "edit" }
        }
      },
      completion = {
        completionItem = {
          commitCharactersSupport = true,
          deprecatedSupport = true,
          documentationFormat = { "markdown", "plaintext" },
          insertReplaceSupport = true,
          insertTextModeSupport = {
            valueSet = { 1, 2 }
          },
          labelDetailsSupport = true,
          preselectSupport = true,
          resolveSupport = {
            properties = { "documentation", "detail", "additionalTextEdits", "sortText", "filterText", "insertText", "textEdit", "insertTextFormat", "insertTextMode" }
          },
          snippetSupport = true,
          tagSupport = {
            valueSet = { 1 }
          }
        },
        completionItemKind = {
          valueSet = { 1, 2, 3, 4, 5, 6, 7, 8, 9, 10, 11, 12, 13, 14, 15, 16, 17, 18, 19, 20, 21, 22, 23, 24, 25 }
        },
        completionList = {
          itemDefaults = { "commitCharacters", "editRange", "insertTextFormat", "insertTextMode", "data" }
        },
        contextSupport = true,
        dynamicRegistration = false,
        insertTextMode = 1
      },
      declaration = {
        linkSupport = true
      },
      definition = {
        linkSupport = true
      },
      documentHighlight = {
        dynamicRegistration = false
      },
      documentSymbol = {
        dynamicRegistration = false,
        hierarchicalDocumentSymbolSupport = true,
        symbolKind = {
          valueSet = { 1, 2, 3, 4, 5, 6, 7, 8, 9, 10, 11, 12, 13, 14, 15, 16, 17, 18, 19, 20, 21, 22, 23, 24, 25, 26 }
        }
      },
      hover = {
        contentFormat = { "markdown", "plaintext" },
        dynamicRegistration = false
      },
      implementation = {
        linkSupport = true
      },
      publishDiagnostics = {
        relatedInformation = true,
        tagSupport = {
          valueSet = { 1, 2 }
        }
      },
      references = {
        dynamicRegistration = false
      },
      rename = {
        dynamicRegistration = false,
        prepareSupport = true
      },
      semanticTokens = {
        augmentsSyntaxTokens = true,
        dynamicRegistration = false,
        formats = { "relative" },
        multilineTokenSupport = false,
        overlappingTokenSupport = true,
        requests = {
          full = {
            delta = true
          },
          range = false
        },
        serverCancelSupport = false,
        tokenModifiers = { "declaration", "definition", "readonly", "static", "deprecated", "abstract", "async", "modification", "documentation", "defaultLibrary" },
        tokenTypes = { "namespace", "type", "class", "enum", "interface", "struct", "typeParameter", "parameter", "variable", "property", "enumMember", "event", "function", "method", "macro", "keyword", "modifier", "comment", "string", "number", "regexp", "operator", "decorator" }
      },
      signatureHelp = {
        dynamicRegistration = false,
        signatureInformation = {
          activeParameterSupport = true,
          documentationFormat = { "markdown", "plaintext" },
          parameterInformation = {
            labelOffsetSupport = true
          }
        }
      },
      synchronization = {
        didSave = true,
        dynamicRegistration = false,
        willSave = true,
        willSaveWaitUntil = true
      },
      typeDefinition = {
        linkSupport = true
      }
    },
    window = {
      showDocument = {
        support = true
      },
      showMessage = {
        messageActionItem = {
          additionalPropertiesSupport = false
        }
      },
      workDoneProgress = true
    },
    workspace = {
      applyEdit = true,
      configuration = true,
      didChangeWatchedFiles = {
        dynamicRegistration = false,
        relativePatternSupport = true
      },
      semanticTokens = {
        refreshSupport = true
      },
      symbol = {
        dynamicRegistration = false,
        hierarchicalWorkspaceSymbolSupport = true,
        symbolKind = {
          valueSet = { 1, 2, 3, 4, 5, 6, 7, 8, 9, 10, 11, 12, 13, 14, 15, 16, 17, 18, 19, 20, 21, 22, 23, 24, 25, 26 }
        }
      },
      workspaceEdit = {
        resourceOperations = { "rename", "create", "delete" }
      },
      workspaceFolders = true
    }
  },
  clientInfo = {
    name = "Neovim",
    version = "0.9.5"
  },
  initializationOptions = {},
  processId = 24532,
  rootPath = "/Users/alpha/.config/nvim",
  rootUri = "file:///Users/alpha/.config/nvim",
  trace = "off",
  workspaceFolders = { {
      name = "/Users/alpha/.config/nvim",
      uri = "file:///Users/alpha/.config/nvim"
    } }
}
[14:57:52.150][info] [#0:script/language.lua:137]: VSC language: nil
[14:57:52.150][info] [#0:script/language.lua:138]: LS  language: en-us
[14:57:52.150][info] [#0:script/workspace/workspace.lua:38]: Workspace init root: 	file:///Users/alpha/.config/nvim
[14:57:52.150][info] [#0:script/workspace/workspace.lua:42]: Log path: 	/Users/alpha/.local/share/nvim/mason/packages/lua-language-server/libexec/log/file_Users_alpha_.config_nvim.log
[14:57:52.151][info] [#0:script/workspace/workspace.lua:48]: Workspace create: 	file:///Users/alpha/.config/nvim
[14:57:52.152][warn] [#0:script/config/loader.lua:116]: No config?	{}
[14:57:52.257][warn] [#0:script/config/loader.lua:116]: No config?	{}
[14:57:52.257][info] [#0:script/provider/provider.lua:61]: Load config from client	fallback
[14:57:52.257][info] [#0:script/provider/provider.lua:62]: nil
[14:57:52.363][info] [#0:script/library.lua:212]: Init builtin library at:	file:///Users/alpha/.config/nvim
[14:57:52.413][info] [#0:script/plugin.lua:86]: plugin path:	/Users/alpha/.config/nvim
[14:57:52.413][warn] [#0:script/plugin.lua:101]: plugin not found:	/Users/alpha/.config/nvim
[14:57:52.413][info] [#0:script/library.lua:212]: Init builtin library at:	nil
[14:57:52.531][info] [#0:script/workspace/workspace.lua:324]: Preload start:	file:///Users/alpha/.config/nvim
[14:57:52.534][info] [#0:script/workspace/workspace.lua:330]: Scan files at:	file:///Users/alpha/.config/nvim
[14:57:52.535][info] [#0:script/workspace/workspace.lua:324]: Preload start:	<fallback>
[14:57:52.537][info] [#0:script/workspace/workspace.lua:353]: Scan library at:	file:///Users/alpha/.local/share/nvim/mason/packages/lua-language-server/libexec/meta/Lua%205.4%20en-us%20utf8/math.lua
[14:57:52.538][info] [#0:script/workspace/workspace.lua:353]: Scan library at:	file:///Users/alpha/.local/share/nvim/mason/packages/lua-language-server/libexec/meta/Lua%205.4%20en-us%20utf8/utf8.lua
[14:57:52.538][info] [#0:script/workspace/workspace.lua:353]: Scan library at:	file:///Users/alpha/.local/share/nvim/mason/packages/lua-language-server/libexec/meta/Lua%205.4%20en-us%20utf8/table.lua
[14:57:52.538][info] [#0:script/workspace/workspace.lua:353]: Scan library at:	file:///Users/alpha/.local/share/nvim/mason/packages/lua-language-server/libexec/meta/Lua%205.4%20en-us%20utf8/debug.lua
[14:57:52.538][info] [#0:script/workspace/workspace.lua:353]: Scan library at:	file:///Users/alpha/.local/share/nvim/mason/packages/lua-language-server/libexec/meta/Lua%205.4%20en-us%20utf8/package.lua
[14:57:52.538][info] [#0:script/workspace/workspace.lua:353]: Scan library at:	file:///Users/alpha/.local/share/nvim/mason/packages/lua-language-server/libexec/meta/Lua%205.4%20en-us%20utf8/io.lua
[14:57:52.539][info] [#0:script/workspace/workspace.lua:353]: Scan library at:	file:///Users/alpha/.local/share/nvim/mason/packages/lua-language-server/libexec/meta/Lua%205.4%20en-us%20utf8/string.lua
[14:57:52.539][info] [#0:script/workspace/workspace.lua:353]: Scan library at:	file:///Users/alpha/.local/share/nvim/mason/packages/lua-language-server/libexec/meta/Lua%205.4%20en-us%20utf8/coroutine.lua
[14:57:52.539][info] [#0:script/workspace/workspace.lua:353]: Scan library at:	file:///Users/alpha/.local/share/nvim/mason/packages/lua-language-server/libexec/meta/Lua%205.4%20en-us%20utf8/builtin.lua
[14:57:52.539][info] [#0:script/workspace/workspace.lua:353]: Scan library at:	file:///Users/alpha/.local/share/nvim/mason/packages/lua-language-server/libexec/meta/Lua%205.4%20en-us%20utf8/basic.lua
[14:57:52.539][info] [#0:script/workspace/workspace.lua:353]: Scan library at:	file:///Users/alpha/.local/share/nvim/mason/packages/lua-language-server/libexec/meta/Lua%205.4%20en-us%20utf8/os.lua
[14:57:52.540][info] [#0:script/workspace/workspace.lua:353]: Scan library at:	file:///Users/alpha/.local/share/nvim/mason/packages/lua-language-server/libexec/meta/Lua%205.4%20en-us%20utf8/math.lua
[14:57:52.540][info] [#0:script/workspace/workspace.lua:353]: Scan library at:	file:///Users/alpha/.local/share/nvim/mason/packages/lua-language-server/libexec/meta/Lua%205.4%20en-us%20utf8/utf8.lua
[14:57:52.540][info] [#0:script/workspace/workspace.lua:353]: Scan library at:	file:///Users/alpha/.local/share/nvim/mason/packages/lua-language-server/libexec/meta/Lua%205.4%20en-us%20utf8/table.lua
[14:57:52.540][info] [#0:script/workspace/workspace.lua:353]: Scan library at:	file:///Users/alpha/.local/share/nvim/mason/packages/lua-language-server/libexec/meta/Lua%205.4%20en-us%20utf8/debug.lua
[14:57:52.540][info] [#0:script/workspace/workspace.lua:353]: Scan library at:	file:///Users/alpha/.local/share/nvim/mason/packages/lua-language-server/libexec/meta/Lua%205.4%20en-us%20utf8/package.lua
[14:57:52.540][info] [#0:script/workspace/workspace.lua:353]: Scan library at:	file:///Users/alpha/.local/share/nvim/mason/packages/lua-language-server/libexec/meta/Lua%205.4%20en-us%20utf8/io.lua
[14:57:52.541][info] [#0:script/workspace/workspace.lua:353]: Scan library at:	file:///Users/alpha/.local/share/nvim/mason/packages/lua-language-server/libexec/meta/Lua%205.4%20en-us%20utf8/string.lua
[14:57:52.541][info] [#0:script/workspace/workspace.lua:353]: Scan library at:	file:///Users/alpha/.local/share/nvim/mason/packages/lua-language-server/libexec/meta/Lua%205.4%20en-us%20utf8/coroutine.lua
[14:57:52.541][info] [#0:script/workspace/workspace.lua:353]: Scan library at:	file:///Users/alpha/.local/share/nvim/mason/packages/lua-language-server/libexec/meta/Lua%205.4%20en-us%20utf8/builtin.lua
[14:57:52.541][info] [#0:script/workspace/workspace.lua:353]: Scan library at:	file:///Users/alpha/.local/share/nvim/mason/packages/lua-language-server/libexec/meta/Lua%205.4%20en-us%20utf8/basic.lua
[14:57:52.541][info] [#0:script/workspace/workspace.lua:353]: Scan library at:	file:///Users/alpha/.local/share/nvim/mason/packages/lua-language-server/libexec/meta/Lua%205.4%20en-us%20utf8/os.lua
[14:57:52.646][info] [#0:script/workspace/workspace.lua:379]: Found 11 files at:	<fallback>
[14:57:52.646][info] [#0:script/workspace/loading.lua:161]: Load files from disk:	<fallback>
[14:57:52.646][info] [#0:script/workspace/workspace.lua:379]: Found 26 files at:	file:///Users/alpha/.config/nvim
[14:57:52.646][info] [#0:script/workspace/loading.lua:161]: Load files from disk:	file:///Users/alpha/.config/nvim
[14:57:52.647][info] [#0:script/workspace/loading.lua:89]: Skip loaded file: file:///Users/alpha/.config/nvim/lua/core/keymaps.lua
[14:57:52.749][info] [#0:script/workspace/loading.lua:101]: Preload file at: file:///Users/alpha/.local/share/nvim/mason/packages/lua-language-server/libexec/meta/Lua%205.4%20en-us%20utf8/os.lua , size = 5.600 KB
[14:57:52.765][info] [#0:script/workspace/loading.lua:113]: ++++As library of:	file:///Users/alpha/.local/share/nvim/mason/packages/lua-language-server/libexec/meta/Lua%205.4%20en-us%20utf8/os.lua
[14:57:52.765][info] [#0:script/workspace/loading.lua:98]: Skip loaded file: file:///Users/alpha/.local/share/nvim/mason/packages/lua-language-server/libexec/meta/Lua%205.4%20en-us%20utf8/os.lua
[14:57:52.765][info] [#0:script/workspace/loading.lua:101]: Preload file at: file:///Users/alpha/.local/share/nvim/mason/packages/lua-language-server/libexec/meta/Lua%205.4%20en-us%20utf8/basic.lua , size = 15.377 KB
[14:57:52.783][info] [#0:script/workspace/loading.lua:113]: ++++As library of:	file:///Users/alpha/.local/share/nvim/mason/packages/lua-language-server/libexec/meta/Lua%205.4%20en-us%20utf8/basic.lua
[14:57:52.783][info] [#0:script/workspace/loading.lua:98]: Skip loaded file: file:///Users/alpha/.local/share/nvim/mason/packages/lua-language-server/libexec/meta/Lua%205.4%20en-us%20utf8/basic.lua
[14:57:52.783][info] [#0:script/workspace/loading.lua:101]: Preload file at: file:///Users/alpha/.local/share/nvim/mason/packages/lua-language-server/libexec/meta/Lua%205.4%20en-us%20utf8/builtin.lua , size = 0.302 KB
[14:57:52.785][info] [#0:script/workspace/loading.lua:113]: ++++As library of:	file:///Users/alpha/.local/share/nvim/mason/packages/lua-language-server/libexec/meta/Lua%205.4%20en-us%20utf8/builtin.lua
[14:57:52.785][info] [#0:script/workspace/loading.lua:98]: Skip loaded file: file:///Users/alpha/.local/share/nvim/mason/packages/lua-language-server/libexec/meta/Lua%205.4%20en-us%20utf8/builtin.lua
[14:57:52.785][info] [#0:script/workspace/loading.lua:101]: Preload file at: file:///Users/alpha/.local/share/nvim/mason/packages/lua-language-server/libexec/meta/Lua%205.4%20en-us%20utf8/coroutine.lua , size = 2.590 KB
[14:57:52.788][info] [#0:script/workspace/loading.lua:113]: ++++As library of:	file:///Users/alpha/.local/share/nvim/mason/packages/lua-language-server/libexec/meta/Lua%205.4%20en-us%20utf8/coroutine.lua
[14:57:52.788][info] [#0:script/workspace/loading.lua:98]: Skip loaded file: file:///Users/alpha/.local/share/nvim/mason/packages/lua-language-server/libexec/meta/Lua%205.4%20en-us%20utf8/coroutine.lua
[14:57:52.788][info] [#0:script/workspace/loading.lua:101]: Preload file at: file:///Users/alpha/.local/share/nvim/mason/packages/lua-language-server/libexec/meta/Lua%205.4%20en-us%20utf8/string.lua , size = 6.341 KB
[14:57:52.794][info] [#0:script/workspace/loading.lua:113]: ++++As library of:	file:///Users/alpha/.local/share/nvim/mason/packages/lua-language-server/libexec/meta/Lua%205.4%20en-us%20utf8/string.lua
[14:57:52.794][info] [#0:script/workspace/loading.lua:98]: Skip loaded file: file:///Users/alpha/.local/share/nvim/mason/packages/lua-language-server/libexec/meta/Lua%205.4%20en-us%20utf8/string.lua
[14:57:52.794][info] [#0:script/workspace/loading.lua:101]: Preload file at: file:///Users/alpha/.local/share/nvim/mason/packages/lua-language-server/libexec/meta/Lua%205.4%20en-us%20utf8/io.lua , size = 6.364 KB
[14:57:52.799][info] [#0:script/workspace/loading.lua:113]: ++++As library of:	file:///Users/alpha/.local/share/nvim/mason/packages/lua-language-server/libexec/meta/Lua%205.4%20en-us%20utf8/io.lua
[14:57:52.799][info] [#0:script/workspace/loading.lua:98]: Skip loaded file: file:///Users/alpha/.local/share/nvim/mason/packages/lua-language-server/libexec/meta/Lua%205.4%20en-us%20utf8/io.lua
[14:57:52.799][info] [#0:script/workspace/loading.lua:101]: Preload file at: file:///Users/alpha/.local/share/nvim/mason/packages/lua-language-server/libexec/meta/Lua%205.4%20en-us%20utf8/package.lua , size = 2.944 KB
[14:57:52.803][info] [#0:script/workspace/loading.lua:113]: ++++As library of:	file:///Users/alpha/.local/share/nvim/mason/packages/lua-language-server/libexec/meta/Lua%205.4%20en-us%20utf8/package.lua
[14:57:52.803][info] [#0:script/workspace/loading.lua:98]: Skip loaded file: file:///Users/alpha/.local/share/nvim/mason/packages/lua-language-server/libexec/meta/Lua%205.4%20en-us%20utf8/package.lua
[14:57:52.803][info] [#0:script/workspace/loading.lua:101]: Preload file at: file:///Users/alpha/.local/share/nvim/mason/packages/lua-language-server/libexec/meta/Lua%205.4%20en-us%20utf8/debug.lua , size = 7.637 KB
[14:57:52.808][info] [#0:script/workspace/loading.lua:113]: ++++As library of:	file:///Users/alpha/.local/share/nvim/mason/packages/lua-language-server/libexec/meta/Lua%205.4%20en-us%20utf8/debug.lua
[14:57:52.808][info] [#0:script/workspace/loading.lua:98]: Skip loaded file: file:///Users/alpha/.local/share/nvim/mason/packages/lua-language-server/libexec/meta/Lua%205.4%20en-us%20utf8/debug.lua
[14:57:52.808][info] [#0:script/workspace/loading.lua:101]: Preload file at: file:///Users/alpha/.local/share/nvim/mason/packages/lua-language-server/libexec/meta/Lua%205.4%20en-us%20utf8/table.lua , size = 4.230 KB
[14:57:52.811][info] [#0:script/workspace/loading.lua:113]: ++++As library of:	file:///Users/alpha/.local/share/nvim/mason/packages/lua-language-server/libexec/meta/Lua%205.4%20en-us%20utf8/table.lua
[14:57:52.811][info] [#0:script/workspace/loading.lua:98]: Skip loaded file: file:///Users/alpha/.local/share/nvim/mason/packages/lua-language-server/libexec/meta/Lua%205.4%20en-us%20utf8/table.lua
[14:57:52.811][info] [#0:script/workspace/loading.lua:101]: Preload file at: file:///Users/alpha/.local/share/nvim/mason/packages/lua-language-server/libexec/meta/Lua%205.4%20en-us%20utf8/utf8.lua , size = 2.386 KB
[14:57:52.813][info] [#0:script/workspace/loading.lua:113]: ++++As library of:	file:///Users/alpha/.local/share/nvim/mason/packages/lua-language-server/libexec/meta/Lua%205.4%20en-us%20utf8/utf8.lua
[14:57:52.813][info] [#0:script/workspace/loading.lua:98]: Skip loaded file: file:///Users/alpha/.local/share/nvim/mason/packages/lua-language-server/libexec/meta/Lua%205.4%20en-us%20utf8/utf8.lua
[14:57:52.813][info] [#0:script/workspace/loading.lua:101]: Preload file at: file:///Users/alpha/.local/share/nvim/mason/packages/lua-language-server/libexec/meta/Lua%205.4%20en-us%20utf8/math.lua , size = 8.509 KB
[14:57:52.818][info] [#0:script/workspace/loading.lua:113]: ++++As library of:	file:///Users/alpha/.local/share/nvim/mason/packages/lua-language-server/libexec/meta/Lua%205.4%20en-us%20utf8/math.lua
[14:57:52.818][info] [#0:script/workspace/loading.lua:98]: Skip loaded file: file:///Users/alpha/.local/share/nvim/mason/packages/lua-language-server/libexec/meta/Lua%205.4%20en-us%20utf8/math.lua
[14:57:52.818][info] [#0:script/workspace/loading.lua:101]: Preload file at: file:///Users/alpha/.config/nvim/init.lua , size = 0.421 KB
[14:57:52.818][info] [#0:script/workspace/loading.lua:101]: Preload file at: file:///Users/alpha/.config/nvim/plugin/packer_compiled.lua , size = 7.270 KB
[14:57:52.821][info] [#0:script/workspace/loading.lua:101]: Preload file at: file:///Users/alpha/.config/nvim/lua/core/options.lua , size = 0.540 KB
[14:57:52.823][info] [#0:script/workspace/loading.lua:101]: Preload file at: file:///Users/alpha/.config/nvim/lua/plugins/autopairs.lua , size = 0.770 KB
[14:57:52.824][info] [#0:script/workspace/loading.lua:101]: Preload file at: file:///Users/alpha/.config/nvim/lua/plugins/telescope.lua , size = 0.388 KB
[14:57:52.824][info] [#0:script/workspace/loading.lua:101]: Preload file at: file:///Users/alpha/.config/nvim/lua/plugins/nvim-tree.lua , size = 0.107 KB
[14:57:52.825][info] [#0:script/workspace/loading.lua:101]: Preload file at: file:///Users/alpha/.config/nvim/lua/plugins/lualine.lua , size = 0.071 KB
[14:57:52.825][info] [#0:script/workspace/loading.lua:101]: Preload file at: file:///Users/alpha/.config/nvim/lua/plugins/lsp.lua , size = 0.424 KB
[14:57:52.825][info] [#0:script/workspace/loading.lua:101]: Preload file at: file:///Users/alpha/.config/nvim/lua/plugins/gitsigns.lua , size = 0.195 KB
[14:57:52.825][info] [#0:script/workspace/loading.lua:101]: Preload file at: file:///Users/alpha/.config/nvim/lua/plugins/comment.lua , size = 0.026 KB
[14:57:52.825][info] [#0:script/workspace/loading.lua:101]: Preload file at: file:///Users/alpha/.config/nvim/lua/plugins/treesitter.lua , size = 0.438 KB
[14:57:52.826][info] [#0:script/workspace/loading.lua:101]: Preload file at: file:///Users/alpha/.config/nvim/lua/plugins/cmp.lua , size = 1.562 KB
[14:57:52.827][info] [#0:script/workspace/loading.lua:101]: Preload file at: file:///Users/alpha/.config/nvim/lua/plugins/bufferline.lua , size = 0.358 KB
[14:57:52.827][info] [#0:script/workspace/loading.lua:101]: Preload file at: file:///Users/alpha/.config/nvim/lua/plugins/plugins-setup.lua , size = 2.100 KB
[14:57:52.933][info] [#0:script/workspace/loading.lua:173]: Loaded files takes [0.085] sec: <fallback>
[14:57:52.933][info] [#0:script/workspace/loading.lua:182]: Compile files takes [0.000] sec: <fallback>
[14:57:52.933][info] [#0:script/workspace/loading.lua:183]: Loaded finish:	<fallback>
[14:57:52.933][info] [#0:script/workspace/workspace.lua:381]: Preload finish at:	<fallback>
[14:57:52.937][info] [#0:script/workspace/loading.lua:173]: Loaded files takes [0.089] sec: file:///Users/alpha/.config/nvim
[14:57:52.938][info] [#0:script/workspace/loading.lua:182]: Compile files takes [0.000] sec: file:///Users/alpha/.config/nvim
[14:57:52.938][info] [#0:script/workspace/loading.lua:183]: Loaded finish:	file:///Users/alpha/.config/nvim
[14:57:52.938][info] [#0:script/workspace/workspace.lua:381]: Preload finish at:	file:///Users/alpha/.config/nvim
[14:57:52.947][info] [#0:script/provider/diagnostic.lua:557]: Diagnostics scope [file:///Users/alpha/.config/nvim], files count:[26]
[14:57:53.006][info] [#0:script/provider/diagnostic.lua:574]: Diagnostics scope [file:///Users/alpha/.config/nvim] finished, takes [0.051] sec.
[14:58:47.375][info] [#0:script/workspace/workspace.lua:284]: Scan files at:	file:///Users/alpha/.config/nvim/lua/core/keymaps.lua
[14:58:47.377][info] [#0:script/workspace/loading.lua:161]: Load files from disk:	file:///Users/alpha/.config/nvim/lua/core/keymaps.lua
[14:58:47.377][info] [#0:script/workspace/loading.lua:89]: Skip loaded file: file:///Users/alpha/.config/nvim/lua/core/keymaps.lua
[14:58:47.378][info] [#0:script/workspace/loading.lua:173]: Loaded files takes [0.000] sec: file:///Users/alpha/.config/nvim/lua/core/keymaps.lua
[14:58:47.378][info] [#0:script/workspace/loading.lua:182]: Compile files takes [0.000] sec: file:///Users/alpha/.config/nvim/lua/core/keymaps.lua
[14:58:47.378][info] [#0:script/workspace/loading.lua:183]: Loaded finish:	file:///Users/alpha/.config/nvim/lua/core/keymaps.lua
[14:58:49.573][info] [#0:script/provider/diagnostic.lua:557]: Diagnostics scope [file:///Users/alpha/.config/nvim], files count:[26]
[14:58:49.651][info] [#0:script/provider/diagnostic.lua:574]: Diagnostics scope [file:///Users/alpha/.config/nvim] finished, takes [0.078] sec.
[14:58:52.562][info] [#0:script/provider/provider.lua:169]: Server shutdown.
[14:58:52.665][info] [#0:script/provider/provider.lua:162]: Server exited.
